TN:
SF:src/librarySystem.js
FN:2,(anonymous_0)
FN:9,(anonymous_1)
FN:14,(anonymous_2)
FN:33,(anonymous_3)
FN:48,(anonymous_4)
FN:58,(anonymous_5)
FN:66,(anonymous_6)
FN:77,(anonymous_7)
FN:93,(anonymous_8)
FN:107,(anonymous_9)
FN:135,(anonymous_10)
FN:154,(anonymous_11)
FN:187,(anonymous_12)
FNF:13
FNH:13
FNDA:25,(anonymous_0)
FNDA:31,(anonymous_1)
FNDA:47,(anonymous_2)
FNDA:35,(anonymous_3)
FNDA:14,(anonymous_4)
FNDA:36,(anonymous_5)
FNDA:22,(anonymous_6)
FNDA:2,(anonymous_7)
FNDA:3,(anonymous_8)
FNDA:18,(anonymous_9)
FNDA:4,(anonymous_10)
FNDA:6,(anonymous_11)
FNDA:3,(anonymous_12)
DA:3,25
DA:4,25
DA:5,25
DA:10,31
DA:15,47
DA:16,1
DA:19,46
DA:20,1
DA:23,45
DA:29,45
DA:34,35
DA:35,1
DA:38,34
DA:39,34
DA:40,1
DA:43,33
DA:44,33
DA:49,14
DA:50,1
DA:53,13
DA:54,13
DA:59,36
DA:60,1
DA:62,35
DA:67,22
DA:68,22
DA:70,21
DA:71,1
DA:73,20
DA:78,2
DA:79,2
DA:81,2
DA:82,0
DA:85,2
DA:86,2
DA:87,2
DA:89,2
DA:94,3
DA:95,3
DA:97,3
DA:98,3
DA:99,1
DA:102,2
DA:103,2
DA:108,18
DA:109,18
DA:111,16
DA:112,0
DA:115,16
DA:117,16
DA:119,2
DA:120,2
DA:121,2
DA:124,14
DA:130,14
DA:136,4
DA:137,4
DA:139,4
DA:140,4
DA:141,1
DA:144,3
DA:145,3
DA:146,2
DA:149,1
DA:150,1
DA:155,6
DA:156,6
DA:158,6
DA:159,1
DA:162,5
DA:163,5
DA:164,1
DA:167,4
DA:168,4
DA:169,0
DA:173,4
DA:174,4
DA:175,0
DA:179,4
DA:180,4
DA:181,4
DA:183,4
DA:188,3
DA:189,3
DA:191,3
DA:192,0
DA:195,3
DA:196,3
DA:197,0
DA:200,3
DA:201,3
DA:202,1
DA:206,2
DA:207,2
DA:210,2
DA:211,2
DA:212,2
DA:216,2
DA:217,2
DA:218,2
DA:221,2
DA:225,1
LF:102
LH:96
BRDA:15,0,0,1
BRDA:15,0,1,46
BRDA:15,1,0,47
BRDA:15,1,1,25
BRDA:19,2,0,1
BRDA:19,2,1,45
BRDA:20,3,0,0
BRDA:20,3,1,1
BRDA:29,4,0,22
BRDA:29,4,1,23
BRDA:34,5,0,1
BRDA:34,5,1,34
BRDA:39,6,0,1
BRDA:39,6,1,33
BRDA:44,7,0,22
BRDA:44,7,1,11
BRDA:49,8,0,1
BRDA:49,8,1,13
BRDA:59,9,0,1
BRDA:59,9,1,35
BRDA:68,10,0,1
BRDA:68,10,1,21
BRDA:70,11,0,1
BRDA:70,11,1,20
BRDA:79,12,0,0
BRDA:79,12,1,2
BRDA:81,13,0,0
BRDA:81,13,1,2
BRDA:95,14,0,0
BRDA:95,14,1,3
BRDA:98,15,0,1
BRDA:98,15,1,2
BRDA:109,16,0,2
BRDA:109,16,1,16
BRDA:111,17,0,0
BRDA:111,17,1,16
BRDA:117,18,0,2
BRDA:117,18,1,14
BRDA:137,19,0,0
BRDA:137,19,1,4
BRDA:140,20,0,1
BRDA:140,20,1,3
BRDA:145,21,0,2
BRDA:145,21,1,1
BRDA:156,22,0,0
BRDA:156,22,1,6
BRDA:158,23,0,1
BRDA:158,23,1,5
BRDA:163,24,0,1
BRDA:163,24,1,4
BRDA:168,25,0,0
BRDA:168,25,1,4
BRDA:174,26,0,0
BRDA:174,26,1,4
BRDA:189,27,0,0
BRDA:189,27,1,3
BRDA:191,28,0,0
BRDA:191,28,1,3
BRDA:196,29,0,0
BRDA:196,29,1,3
BRDA:201,30,0,1
BRDA:201,30,1,2
BRDA:211,31,0,2
BRDA:211,31,1,0
BRDA:217,32,0,2
BRDA:217,32,1,0
BRF:66
BRH:52
end_of_record
