TN:
SF:src/index.js
FN:14,(anonymous_0)
FN:31,(anonymous_1)
FN:38,(anonymous_2)
FN:45,(anonymous_3)
FN:52,(anonymous_4)
FN:59,(anonymous_5)
FN:66,(anonymous_6)
FN:75,(anonymous_7)
FN:82,(anonymous_8)
FN:89,(anonymous_9)
FN:96,(anonymous_10)
FN:103,(anonymous_11)
FN:110,(anonymous_12)
FN:119,(anonymous_13)
FN:126,(anonymous_14)
FN:133,(anonymous_15)
FN:142,(anonymous_16)
FN:155,(anonymous_17)
FNF:18
FNH:10
FNDA:34,(anonymous_0)
FNDA:64,(anonymous_1)
FNDA:35,(anonymous_2)
FNDA:14,(anonymous_3)
FNDA:0,(anonymous_4)
FNDA:0,(anonymous_5)
FNDA:0,(anonymous_6)
FNDA:2,(anonymous_7)
FNDA:5,(anonymous_8)
FNDA:19,(anonymous_9)
FNDA:6,(anonymous_10)
FNDA:8,(anonymous_11)
FNDA:3,(anonymous_12)
FNDA:0,(anonymous_13)
FNDA:0,(anonymous_14)
FNDA:0,(anonymous_15)
FNDA:0,(anonymous_16)
FNDA:0,(anonymous_17)
DA:1,4
DA:2,4
DA:3,4
DA:5,4
DA:6,4
DA:7,4
DA:16,34
DA:17,34
DA:18,34
DA:21,34
DA:22,34
DA:23,34
DA:32,64
DA:39,35
DA:46,14
DA:53,0
DA:60,0
DA:67,0
DA:76,2
DA:83,5
DA:90,19
DA:97,6
DA:104,8
DA:111,3
DA:120,0
DA:127,0
DA:134,0
DA:143,0
DA:149,0
DA:156,0
DA:162,0
DA:166,4
LF:32
LH:22
BRDA:52,0,0,0
BRDA:149,1,0,0
BRDA:149,1,1,0
BRDA:162,2,0,0
BRDA:162,2,1,0
BRF:5
BRH:0
end_of_record
TN:
SF:src/Models/AuthModel.js
FN:9,(anonymous_0)
FN:17,(anonymous_1)
FN:37,(anonymous_2)
FN:60,(anonymous_3)
FN:86,(anonymous_4)
FN:112,(anonymous_5)
FN:153,(anonymous_6)
FN:190,(anonymous_7)
FN:198,(anonymous_8)
FN:207,(anonymous_9)
FNF:10
FNH:4
FNDA:34,(anonymous_0)
FNDA:43,(anonymous_1)
FNDA:0,(anonymous_2)
FNDA:0,(anonymous_3)
FNDA:43,(anonymous_4)
FNDA:31,(anonymous_5)
FNDA:0,(anonymous_6)
FNDA:0,(anonymous_7)
FNDA:0,(anonymous_8)
FNDA:0,(anonymous_9)
DA:1,4
DA:2,4
DA:10,34
DA:18,43
DA:20,43
DA:21,12
DA:27,31
DA:38,0
DA:39,0
DA:40,0
DA:43,0
DA:44,0
DA:50,0
DA:61,0
DA:62,0
DA:63,0
DA:66,0
DA:67,0
DA:73,0
DA:87,43
DA:88,43
DA:89,12
DA:92,31
DA:95,31
DA:97,31
DA:99,0
DA:101,0
DA:113,31
DA:117,5
DA:122,18
DA:123,4
DA:128,14
DA:133,8
DA:134,1
DA:139,7
DA:142,0
DA:154,0
DA:157,0
DA:158,0
DA:160,0
DA:161,0
DA:166,0
DA:170,0
DA:171,0
DA:176,0
DA:179,0
DA:191,0
DA:199,0
DA:200,0
DA:208,0
DA:209,0
DA:213,4
LF:52
LH:22
BRDA:20,0,0,12
BRDA:20,0,1,31
BRDA:39,1,0,0
BRDA:39,1,1,0
BRDA:43,2,0,0
BRDA:43,2,1,0
BRDA:62,3,0,0
BRDA:62,3,1,0
BRDA:66,4,0,0
BRDA:66,4,1,0
BRDA:86,5,0,43
BRDA:88,6,0,12
BRDA:88,6,1,31
BRDA:95,7,0,31
BRDA:95,7,1,0
BRDA:95,7,2,0
BRDA:113,8,0,1
BRDA:113,8,1,5
BRDA:113,8,2,14
BRDA:113,8,3,18
BRDA:113,8,4,6
BRDA:113,8,5,8
BRDA:113,8,6,0
BRDA:122,9,0,4
BRDA:122,9,1,14
BRDA:133,10,0,1
BRDA:133,10,1,7
BRDA:154,11,0,0
BRDA:154,11,1,0
BRDA:154,11,2,0
BRDA:157,12,0,0
BRDA:157,12,1,0
BRDA:160,13,0,0
BRDA:160,13,1,0
BRDA:160,14,0,0
BRDA:160,14,1,0
BRDA:170,15,0,0
BRDA:170,15,1,0
BRDA:200,16,0,0
BRDA:200,16,1,0
BRDA:209,17,0,0
BRDA:209,17,1,0
BRF:42
BRH:16
end_of_record
TN:
SF:src/Models/BookModel.js
FN:5,(anonymous_0)
FN:15,(anonymous_1)
FN:26,(anonymous_2)
FN:53,(anonymous_3)
FN:76,(anonymous_4)
FN:94,(anonymous_5)
FN:115,(anonymous_6)
FN:151,(anonymous_7)
FN:189,(anonymous_8)
FN:200,(anonymous_9)
FN:211,(anonymous_10)
FN:220,(anonymous_11)
FNF:12
FNH:8
FNDA:34,(anonymous_0)
FNDA:31,(anonymous_1)
FNDA:11,(anonymous_2)
FNDA:3,(anonymous_3)
FNDA:1,(anonymous_4)
FNDA:4,(anonymous_5)
FNDA:5,(anonymous_6)
FNDA:1,(anonymous_7)
FNDA:0,(anonymous_8)
FNDA:0,(anonymous_9)
FNDA:0,(anonymous_10)
FNDA:0,(anonymous_11)
DA:1,4
DA:2,4
DA:6,34
DA:16,31
DA:27,11
DA:28,11
DA:30,11
DA:32,11
DA:33,1
DA:34,1
DA:35,1
DA:37,10
DA:43,10
DA:54,3
DA:55,3
DA:57,3
DA:59,3
DA:60,1
DA:63,2
DA:64,2
DA:65,1
DA:68,1
DA:69,1
DA:77,1
DA:78,0
DA:81,1
DA:82,1
DA:83,1
DA:85,1
DA:95,4
DA:96,4
DA:98,4
DA:100,4
DA:101,0
DA:104,4
DA:105,4
DA:116,5
DA:118,5
DA:119,2
DA:125,3
DA:126,3
DA:127,0
DA:134,3
DA:135,3
DA:137,3
DA:152,1
DA:154,1
DA:155,0
DA:161,1
DA:164,1
DA:165,1
DA:166,0
DA:173,1
DA:174,1
DA:176,1
DA:190,0
DA:191,0
DA:201,0
DA:202,0
DA:212,0
DA:213,0
DA:221,0
DA:225,4
LF:63
LH:51
BRDA:28,0,0,0
BRDA:28,0,1,11
BRDA:32,1,0,1
BRDA:32,1,1,10
BRDA:55,2,0,0
BRDA:55,2,1,3
BRDA:59,3,0,1
BRDA:59,3,1,2
BRDA:64,4,0,1
BRDA:64,4,1,1
BRDA:77,5,0,0
BRDA:77,5,1,1
BRDA:96,6,0,0
BRDA:96,6,1,4
BRDA:100,7,0,0
BRDA:100,7,1,4
BRDA:118,8,0,2
BRDA:118,8,1,3
BRDA:126,9,0,0
BRDA:126,9,1,3
BRDA:154,10,0,0
BRDA:154,10,1,1
BRDA:165,11,0,0
BRDA:165,11,1,1
BRDA:202,12,0,0
BRDA:202,12,1,0
BRDA:213,13,0,0
BRDA:213,13,1,0
BRF:28
BRH:16
end_of_record
TN:
SF:src/Models/UserModel.js
FN:6,(anonymous_0)
FN:18,(anonymous_1)
FN:41,(anonymous_2)
FN:62,(anonymous_3)
FN:75,(anonymous_4)
FN:84,(anonymous_5)
FN:93,(anonymous_6)
FN:101,(anonymous_7)
FN:119,(anonymous_8)
FN:141,(anonymous_9)
FN:151,(anonymous_10)
FN:161,(anonymous_11)
FN:180,(anonymous_12)
FN:188,(anonymous_13)
FNF:14
FNH:7
FNDA:34,(anonymous_0)
FNDA:64,(anonymous_1)
FNDA:35,(anonymous_2)
FNDA:14,(anonymous_3)
FNDA:43,(anonymous_4)
FNDA:0,(anonymous_5)
FNDA:0,(anonymous_6)
FNDA:0,(anonymous_7)
FNDA:4,(anonymous_8)
FNDA:7,(anonymous_9)
FNDA:0,(anonymous_10)
FNDA:0,(anonymous_11)
FNDA:0,(anonymous_12)
FNDA:0,(anonymous_13)
DA:1,4
DA:2,4
DA:3,4
DA:7,34
DA:8,34
DA:19,64
DA:20,64
DA:22,63
DA:23,1
DA:26,62
DA:32,62
DA:42,35
DA:43,35
DA:45,35
DA:46,2
DA:49,33
DA:50,33
DA:51,3
DA:54,30
DA:55,30
DA:63,14
DA:64,3
DA:67,11
DA:68,11
DA:76,43
DA:85,0
DA:94,0
DA:102,0
DA:103,0
DA:104,0
DA:110,0
DA:120,4
DA:121,4
DA:123,4
DA:124,3
DA:125,3
DA:127,1
DA:128,1
DA:129,1
DA:130,1
DA:142,7
DA:143,7
DA:152,0
DA:153,0
DA:162,0
DA:163,0
DA:164,0
DA:170,0
DA:181,0
DA:189,0
DA:190,0
DA:192,0
DA:193,0
DA:194,0
DA:195,0
DA:196,0
DA:200,0
DA:208,4
LF:58
LH:37
BRDA:20,0,0,1
BRDA:20,0,1,63
BRDA:22,1,0,1
BRDA:22,1,1,62
BRDA:43,2,0,0
BRDA:43,2,1,35
BRDA:45,3,0,2
BRDA:45,3,1,33
BRDA:50,4,0,3
BRDA:50,4,1,30
BRDA:63,5,0,3
BRDA:63,5,1,11
BRDA:85,6,0,0
BRDA:85,6,1,0
BRDA:121,7,0,0
BRDA:121,7,1,4
BRDA:123,8,0,3
BRDA:123,8,1,1
BRDA:124,9,0,3
BRDA:124,9,1,0
BRDA:127,10,0,1
BRDA:127,10,1,0
BRDA:129,11,0,1
BRDA:129,11,1,0
BRDA:143,12,0,7
BRDA:143,12,1,0
BRDA:153,13,0,0
BRDA:153,13,1,0
BRDA:163,14,0,0
BRDA:163,14,1,0
BRDA:193,15,0,0
BRDA:193,15,1,0
BRDA:195,16,0,0
BRDA:195,16,1,0
BRF:34
BRH:18
end_of_record
TN:
SF:src/services/BookService.js
FN:5,(anonymous_0)
FN:15,(anonymous_1)
FN:34,(anonymous_2)
FN:54,(anonymous_3)
FN:73,(anonymous_4)
FN:92,(anonymous_5)
FN:127,(anonymous_6)
FNF:7
FNH:7
FNDA:34,(anonymous_0)
FNDA:2,(anonymous_1)
FNDA:5,(anonymous_2)
FNDA:19,(anonymous_3)
FNDA:6,(anonymous_4)
FNDA:8,(anonymous_5)
FNDA:3,(anonymous_6)
DA:1,4
DA:2,4
DA:6,34
DA:7,34
DA:8,34
DA:16,2
DA:21,2
DA:22,1
DA:25,1
DA:35,5
DA:40,5
DA:41,1
DA:44,4
DA:55,19
DA:60,19
DA:61,8
DA:64,11
DA:74,6
DA:79,6
DA:80,3
DA:83,3
DA:93,8
DA:98,8
DA:99,3
DA:102,5
DA:103,5
DA:106,5
DA:107,0
DA:111,5
DA:113,5
DA:115,3
DA:118,5
DA:128,3
DA:133,3
DA:134,1
DA:137,2
DA:138,2
DA:141,2
DA:142,1
DA:146,1
DA:148,1
DA:150,1
DA:153,1
DA:157,4
LF:44
LH:43
BRDA:21,0,0,1
BRDA:21,0,1,1
BRDA:40,1,0,1
BRDA:40,1,1,4
BRDA:60,2,0,8
BRDA:60,2,1,11
BRDA:79,3,0,3
BRDA:79,3,1,3
BRDA:98,4,0,3
BRDA:98,4,1,5
BRDA:106,5,0,0
BRDA:106,5,1,5
BRDA:113,6,0,3
BRDA:113,6,1,2
BRDA:133,7,0,1
BRDA:133,7,1,2
BRDA:141,8,0,1
BRDA:141,8,1,1
BRDA:148,9,0,1
BRDA:148,9,1,0
BRF:20
BRH:18
end_of_record
TN:
SF:src/services/SystemService.js
FN:2,(anonymous_0)
FN:12,(anonymous_1)
FN:33,(anonymous_2)
FN:49,(anonymous_3)
FNF:4
FNH:1
FNDA:34,(anonymous_0)
FNDA:0,(anonymous_1)
FNDA:0,(anonymous_2)
FNDA:0,(anonymous_3)
DA:3,34
DA:4,34
DA:5,34
DA:13,0
DA:14,0
DA:15,0
DA:18,0
DA:20,0
DA:34,0
DA:50,0
DA:51,0
DA:52,0
DA:56,0
DA:57,0
DA:58,0
DA:61,0
DA:74,4
LF:17
LH:4
BRDA:14,0,0,0
BRDA:14,0,1,0
BRDA:38,1,0,0
BRDA:38,1,1,0
BRDA:39,2,0,0
BRDA:39,2,1,0
BRDA:40,3,0,0
BRDA:40,3,1,0
BRDA:51,4,0,0
BRDA:51,4,1,0
BRDA:57,5,0,0
BRDA:57,5,1,0
BRF:12
BRH:0
end_of_record
TN:
SF:src/services/UserService.js
FN:5,(anonymous_0)
FN:17,(anonymous_1)
FN:27,(anonymous_2)
FN:35,(anonymous_3)
FN:44,(anonymous_4)
FN:78,(anonymous_5)
FN:95,(anonymous_6)
FNF:7
FNH:4
FNDA:34,(anonymous_0)
FNDA:64,(anonymous_1)
FNDA:35,(anonymous_2)
FNDA:14,(anonymous_3)
FNDA:0,(anonymous_4)
FNDA:0,(anonymous_5)
FNDA:0,(anonymous_6)
DA:1,4
DA:2,4
DA:6,34
DA:7,34
DA:18,64
DA:28,35
DA:36,14
DA:45,0
DA:46,0
DA:48,0
DA:54,0
DA:55,0
DA:58,0
DA:59,0
DA:60,0
DA:63,0
DA:64,0
DA:66,0
DA:79,0
DA:84,0
DA:85,0
DA:88,0
DA:96,0
DA:100,4
LF:24
LH:8
BRDA:44,0,0,0
BRDA:46,1,0,0
BRDA:46,1,1,0
BRDA:46,2,0,0
BRDA:46,2,1,0
BRDA:54,3,0,0
BRDA:54,3,1,0
BRDA:59,4,0,0
BRDA:59,4,1,0
BRDA:84,5,0,0
BRDA:84,5,1,0
BRF:11
BRH:0
end_of_record
TN:
SF:src/utils/Constants.js
FNF:0
FNH:0
DA:6,4
DA:12,4
DA:21,4
DA:27,4
DA:33,4
DA:43,4
DA:49,4
LF:7
LH:7
BRF:0
BRH:0
end_of_record
TN:
SF:src/utils/Messages.js
FN:7,(anonymous_0)
FN:8,(anonymous_1)
FN:18,(anonymous_2)
FN:19,(anonymous_3)
FN:24,(anonymous_4)
FN:25,(anonymous_5)
FN:26,(anonymous_6)
FN:27,(anonymous_7)
FN:28,(anonymous_8)
FN:29,(anonymous_9)
FN:30,(anonymous_10)
FN:31,(anonymous_11)
FN:32,(anonymous_12)
FN:33,(anonymous_13)
FNF:14
FNH:12
FNDA:1,(anonymous_0)
FNDA:2,(anonymous_1)
FNDA:62,(anonymous_2)
FNDA:30,(anonymous_3)
FNDA:3,(anonymous_4)
FNDA:10,(anonymous_5)
FNDA:1,(anonymous_6)
FNDA:1,(anonymous_7)
FNDA:1,(anonymous_8)
FNDA:0,(anonymous_9)
FNDA:0,(anonymous_10)
FNDA:3,(anonymous_11)
FNDA:1,(anonymous_12)
FNDA:1,(anonymous_13)
DA:6,4
DA:7,4
DA:8,4
DA:9,4
DA:10,4
DA:11,4
DA:14,4
DA:15,4
DA:18,62
DA:19,30
DA:20,4
DA:23,4
DA:24,4
DA:25,10
DA:26,4
DA:27,4
DA:28,4
DA:29,4
DA:30,4
DA:31,4
DA:32,4
DA:33,4
DA:36,4
DA:37,4
DA:40,4
DA:41,4
DA:42,4
DA:45,4
LF:28
LH:28
BRDA:7,0,0,0
BRDA:7,0,1,1
BRDA:18,1,0,30
BRDA:18,1,1,32
BRDA:19,2,0,21
BRDA:19,2,1,9
BRF:6
BRH:5
end_of_record
TN:
SF:src/utils/Validators.js
FN:14,(anonymous_0)
FN:23,(anonymous_1)
FN:32,(anonymous_2)
FN:41,(anonymous_3)
FN:50,(anonymous_4)
FN:59,(anonymous_5)
FN:68,(anonymous_6)
FN:81,(anonymous_7)
FN:97,(anonymous_8)
FN:110,(anonymous_9)
FN:124,(anonymous_10)
FNF:11
FNH:11
FNDA:232,(anonymous_0)
FNDA:64,(anonymous_1)
FNDA:98,(anonymous_2)
FNDA:98,(anonymous_3)
FNDA:18,(anonymous_4)
FNDA:18,(anonymous_5)
FNDA:11,(anonymous_6)
FNDA:64,(anonymous_7)
FNDA:35,(anonymous_8)
FNDA:18,(anonymous_9)
FNDA:11,(anonymous_10)
DA:1,4
DA:2,4
DA:15,232
DA:24,64
DA:33,98
DA:42,98
DA:51,18
DA:60,18
DA:69,11
DA:82,64
DA:83,1
DA:85,63
DA:86,0
DA:88,63
DA:98,35
DA:99,0
DA:101,35
DA:111,18
DA:112,0
DA:114,18
DA:125,11
DA:126,11
DA:128,11
DA:129,0
DA:131,11
DA:135,4
LF:26
LH:22
BRDA:14,0,0,0
BRDA:15,1,0,232
BRDA:15,1,1,232
BRDA:69,2,0,11
BRDA:69,2,1,11
BRDA:69,2,2,11
BRDA:82,3,0,1
BRDA:82,3,1,63
BRDA:85,4,0,0
BRDA:85,4,1,63
BRDA:85,5,0,63
BRDA:85,5,1,63
BRDA:98,6,0,0
BRDA:98,6,1,35
BRDA:98,7,0,35
BRDA:98,7,1,35
BRDA:111,8,0,0
BRDA:111,8,1,18
BRDA:111,9,0,18
BRDA:111,9,1,18
BRDA:126,10,0,0
BRDA:126,10,1,11
BRDA:128,11,0,0
BRDA:128,11,1,11
BRF:24
BRH:18
end_of_record
